<?xml version="1.0" encoding="UTF-8"?>
<testsuite name="yongs.temp.service.TypeProducerServiceTest" tests="1" skipped="0" failures="0" errors="0" timestamp="2020-12-05T03:17:40" hostname="DESKTOP-GATTK1M" time="1.245">
  <properties/>
  <testcase name="Kafka_범용Tyep_메시지전송()" classname="yongs.temp.service.TypeProducerServiceTest" time="1.245"/>
  <system-out><![CDATA[12:17:36.618 [Test worker] DEBUG org.springframework.test.context.BootstrapUtils - Instantiating CacheAwareContextLoaderDelegate from class [org.springframework.test.context.cache.DefaultCacheAwareContextLoaderDelegate]
12:17:36.650 [Test worker] DEBUG org.springframework.test.context.BootstrapUtils - Instantiating BootstrapContext using constructor [public org.springframework.test.context.support.DefaultBootstrapContext(java.lang.Class,org.springframework.test.context.CacheAwareContextLoaderDelegate)]
12:17:36.718 [Test worker] DEBUG org.springframework.test.context.BootstrapUtils - Instantiating TestContextBootstrapper for test class [yongs.temp.service.TypeProducerServiceTest] from class [org.springframework.boot.test.context.SpringBootTestContextBootstrapper]
12:17:36.748 [Test worker] INFO org.springframework.boot.test.context.SpringBootTestContextBootstrapper - Neither @ContextConfiguration nor @ContextHierarchy found for test class [yongs.temp.service.TypeProducerServiceTest], using SpringBootContextLoader
12:17:36.756 [Test worker] DEBUG org.springframework.test.context.support.AbstractContextLoader - Did not detect default resource location for test class [yongs.temp.service.TypeProducerServiceTest]: class path resource [yongs/temp/service/TypeProducerServiceTest-context.xml] does not exist
12:17:36.758 [Test worker] DEBUG org.springframework.test.context.support.AbstractContextLoader - Did not detect default resource location for test class [yongs.temp.service.TypeProducerServiceTest]: class path resource [yongs/temp/service/TypeProducerServiceTestContext.groovy] does not exist
12:17:36.759 [Test worker] INFO org.springframework.test.context.support.AbstractContextLoader - Could not detect default resource locations for test class [yongs.temp.service.TypeProducerServiceTest]: no resource found for suffixes {-context.xml, Context.groovy}.
12:17:36.761 [Test worker] INFO org.springframework.test.context.support.AnnotationConfigContextLoaderUtils - Could not detect default configuration classes for test class [yongs.temp.service.TypeProducerServiceTest]: TypeProducerServiceTest does not declare any static, non-private, non-final, nested classes annotated with @Configuration.
12:17:36.903 [Test worker] DEBUG org.springframework.test.context.support.ActiveProfilesUtils - Could not find an 'annotation declaring class' for annotation type [org.springframework.test.context.ActiveProfiles] and class [yongs.temp.service.TypeProducerServiceTest]
12:17:37.076 [Test worker] DEBUG org.springframework.context.annotation.ClassPathScanningCandidateComponentProvider - Identified candidate component class: file [D:\workspace\project\sample-kafka\producer\build\classes\java\main\yongs\temp\ProducerApplication.class]
12:17:37.081 [Test worker] INFO org.springframework.boot.test.context.SpringBootTestContextBootstrapper - Found @SpringBootConfiguration yongs.temp.ProducerApplication for test class yongs.temp.service.TypeProducerServiceTest
12:17:37.269 [Test worker] DEBUG org.springframework.boot.test.context.SpringBootTestContextBootstrapper - @TestExecutionListeners is not present for class [yongs.temp.service.TypeProducerServiceTest]: using defaults.
12:17:37.270 [Test worker] INFO org.springframework.boot.test.context.SpringBootTestContextBootstrapper - Loaded default TestExecutionListener class names from location [META-INF/spring.factories]: [org.springframework.boot.test.autoconfigure.restdocs.RestDocsTestExecutionListener, org.springframework.boot.test.autoconfigure.web.client.MockRestServiceServerResetTestExecutionListener, org.springframework.boot.test.autoconfigure.web.servlet.MockMvcPrintOnlyOnFailureTestExecutionListener, org.springframework.boot.test.autoconfigure.web.servlet.WebDriverTestExecutionListener, org.springframework.boot.test.autoconfigure.webservices.client.MockWebServiceServerTestExecutionListener, org.springframework.boot.test.mock.mockito.MockitoTestExecutionListener, org.springframework.boot.test.mock.mockito.ResetMocksTestExecutionListener, org.springframework.test.context.web.ServletTestExecutionListener, org.springframework.test.context.support.DirtiesContextBeforeModesTestExecutionListener, org.springframework.test.context.support.DependencyInjectionTestExecutionListener, org.springframework.test.context.support.DirtiesContextTestExecutionListener, org.springframework.test.context.transaction.TransactionalTestExecutionListener, org.springframework.test.context.jdbc.SqlScriptsTestExecutionListener, org.springframework.test.context.event.EventPublishingTestExecutionListener]
12:17:37.320 [Test worker] INFO org.springframework.boot.test.context.SpringBootTestContextBootstrapper - Using TestExecutionListeners: [org.springframework.test.context.web.ServletTestExecutionListener@53e0c48, org.springframework.test.context.support.DirtiesContextBeforeModesTestExecutionListener@2e7706ae, org.springframework.boot.test.mock.mockito.MockitoTestExecutionListener@6689c235, org.springframework.boot.test.autoconfigure.SpringBootDependencyInjectionTestExecutionListener@7566ca08, org.springframework.test.context.support.DirtiesContextTestExecutionListener@cfc4a0, org.springframework.test.context.transaction.TransactionalTestExecutionListener@169bf061, org.springframework.test.context.jdbc.SqlScriptsTestExecutionListener@3e2b00ed, org.springframework.test.context.event.EventPublishingTestExecutionListener@7ddebbaa, org.springframework.boot.test.autoconfigure.restdocs.RestDocsTestExecutionListener@34a8a75, org.springframework.boot.test.autoconfigure.web.client.MockRestServiceServerResetTestExecutionListener@4a9b7a85, org.springframework.boot.test.autoconfigure.web.servlet.MockMvcPrintOnlyOnFailureTestExecutionListener@2cd13753, org.springframework.boot.test.autoconfigure.web.servlet.WebDriverTestExecutionListener@24dada88, org.springframework.boot.test.autoconfigure.webservices.client.MockWebServiceServerTestExecutionListener@7314e544, org.springframework.boot.test.mock.mockito.ResetMocksTestExecutionListener@62cae6f1]
12:17:37.330 [Test worker] DEBUG org.springframework.test.context.support.AbstractDirtiesContextTestExecutionListener - Before test class: context [DefaultTestContext@6f7bc0d testClass = TypeProducerServiceTest, testInstance = [null], testMethod = [null], testException = [null], mergedContextConfiguration = [WebMergedContextConfiguration@487cd7ae testClass = TypeProducerServiceTest, locations = '{}', classes = '{class yongs.temp.ProducerApplication}', contextInitializerClasses = '[]', activeProfiles = '{}', propertySourceLocations = '{}', propertySourceProperties = '{org.springframework.boot.test.context.SpringBootTestContextBootstrapper=true}', contextCustomizers = set[org.springframework.boot.test.autoconfigure.properties.PropertyMappingContextCustomizer@0, org.springframework.boot.test.autoconfigure.web.servlet.WebDriverContextCustomizerFactory$Customizer@1aa46f46, org.springframework.boot.test.context.filter.ExcludeFilterContextCustomizer@2d952416, org.springframework.boot.test.json.DuplicateJsonObjectContextCustomizerFactory$DuplicateJsonObjectContextCustomizer@323ddb3d, org.springframework.boot.test.mock.mockito.MockitoContextCustomizer@0, org.springframework.boot.test.web.client.TestRestTemplateContextCustomizer@12699fa9, org.springframework.boot.test.context.SpringBootTestArgs@1, org.springframework.boot.test.context.SpringBootTestWebEnvironment@2059ba5], resourceBasePath = 'src/main/webapp', contextLoader = 'org.springframework.boot.test.context.SpringBootContextLoader', parent = [null]], attributes = map['org.springframework.test.context.web.ServletTestExecutionListener.activateListener' -> true]], class annotated with @DirtiesContext [false] with mode [null].
12:17:37.394 [Test worker] DEBUG org.springframework.test.context.support.TestPropertySourceUtils - Adding inlined properties to environment: {spring.jmx.enabled=false, org.springframework.boot.test.context.SpringBootTestContextBootstrapper=true}

  .   ____          _            __ _ _
 /\\ / ___'_ __ _ _(_)_ __  __ _ \ \ \ \
( ( )\___ | '_ | '_| | '_ \/ _` | \ \ \ \
 \\/  ___)| |_)| | | | | || (_| |  ) ) ) )
  '  |____| .__|_| |_|_| |_\__, | / / / /
 =========|_|==============|___/=/_/_/_/
 :: Spring Boot ::        (v2.3.6.RELEASE)

2020-12-05 12:17:38.118  INFO 50436 --- [    Test worker] y.temp.service.TypeProducerServiceTest   : Starting TypeProducerServiceTest on DESKTOP-GATTK1M with PID 50436 (started by yongs in D:\workspace\project\sample-kafka\producer)
2020-12-05 12:17:38.120 DEBUG 50436 --- [    Test worker] y.temp.service.TypeProducerServiceTest   : Running with Spring Boot v2.3.6.RELEASE, Spring v5.2.11.RELEASE
2020-12-05 12:17:38.122  INFO 50436 --- [    Test worker] y.temp.service.TypeProducerServiceTest   : No active profile set, falling back to default profiles: default
2020-12-05 12:17:40.113  INFO 50436 --- [    Test worker] o.s.s.concurrent.ThreadPoolTaskExecutor  : Initializing ExecutorService 'applicationTaskExecutor'
2020-12-05 12:17:40.685  INFO 50436 --- [    Test worker] y.temp.service.TypeProducerServiceTest   : Started TypeProducerServiceTest in 3.272 seconds (JVM running for 7.643)
2020-12-05 12:17:41.196  INFO 50436 --- [    Test worker] o.a.k.clients.producer.ProducerConfig    : ProducerConfig values: 
	acks = 1
	batch.size = 16384
	bootstrap.servers = [localhost:9091, localhost:9092, localhost:9093]
	buffer.memory = 33554432
	client.dns.lookup = default
	client.id = producer-1
	compression.type = none
	connections.max.idle.ms = 540000
	delivery.timeout.ms = 120000
	enable.idempotence = false
	interceptor.classes = []
	key.serializer = class org.apache.kafka.common.serialization.StringSerializer
	linger.ms = 0
	max.block.ms = 60000
	max.in.flight.requests.per.connection = 5
	max.request.size = 1048576
	metadata.max.age.ms = 300000
	metadata.max.idle.ms = 300000
	metric.reporters = []
	metrics.num.samples = 2
	metrics.recording.level = INFO
	metrics.sample.window.ms = 30000
	partitioner.class = class org.apache.kafka.clients.producer.internals.DefaultPartitioner
	receive.buffer.bytes = 32768
	reconnect.backoff.max.ms = 1000
	reconnect.backoff.ms = 50
	request.timeout.ms = 30000
	retries = 2147483647
	retry.backoff.ms = 100
	sasl.client.callback.handler.class = null
	sasl.jaas.config = null
	sasl.kerberos.kinit.cmd = /usr/bin/kinit
	sasl.kerberos.min.time.before.relogin = 60000
	sasl.kerberos.service.name = null
	sasl.kerberos.ticket.renew.jitter = 0.05
	sasl.kerberos.ticket.renew.window.factor = 0.8
	sasl.login.callback.handler.class = null
	sasl.login.class = null
	sasl.login.refresh.buffer.seconds = 300
	sasl.login.refresh.min.period.seconds = 60
	sasl.login.refresh.window.factor = 0.8
	sasl.login.refresh.window.jitter = 0.05
	sasl.mechanism = GSSAPI
	security.protocol = PLAINTEXT
	security.providers = null
	send.buffer.bytes = 131072
	ssl.cipher.suites = null
	ssl.enabled.protocols = [TLSv1.2]
	ssl.endpoint.identification.algorithm = https
	ssl.key.password = null
	ssl.keymanager.algorithm = SunX509
	ssl.keystore.location = null
	ssl.keystore.password = null
	ssl.keystore.type = JKS
	ssl.protocol = TLSv1.2
	ssl.provider = null
	ssl.secure.random.implementation = null
	ssl.trustmanager.algorithm = PKIX
	ssl.truststore.location = null
	ssl.truststore.password = null
	ssl.truststore.type = JKS
	transaction.timeout.ms = 60000
	transactional.id = null
	value.serializer = class org.springframework.kafka.support.serializer.JsonSerializer

2020-12-05 12:17:41.449  INFO 50436 --- [    Test worker] o.a.kafka.common.utils.AppInfoParser     : Kafka version: 2.5.1
2020-12-05 12:17:41.451  INFO 50436 --- [    Test worker] o.a.kafka.common.utils.AppInfoParser     : Kafka commitId: 0efa8fb0f4c73d92
2020-12-05 12:17:41.451  INFO 50436 --- [    Test worker] o.a.kafka.common.utils.AppInfoParser     : Kafka startTimeMs: 1607138261445
2020-12-05 12:17:41.876  INFO 50436 --- [ad | producer-1] org.apache.kafka.clients.Metadata        : [Producer clientId=producer-1] Cluster ID: V2gxrwgyThWWkRaSNEIwew
]]></system-out>
  <system-err><![CDATA[]]></system-err>
</testsuite>
